2009-09-21 16:36:46,617 [main] INFO com.terracottatech.general - New logging session started.
2009-09-21 16:36:46,640 [main] INFO com.terracottatech.console - Terracotta 3.1.0, as of 20090820-100801 (Revision 13440 by cruise@su10mo5 from 3.1)
2009-09-21 16:36:46,686 [main] INFO com.tc.config.schema.setup.StandardXMLFileConfigurationCreator - Attempting to load configuration from the file at '/Users/jesse/Development/Examples/Terracotta/terracotta-definitive-guide-1.2/chapter_04_catalog_example/tc-config.xml'...
2009-09-21 16:36:46,691 [main] INFO com.tc.config.schema.setup.StandardXMLFileConfigurationCreator - Successfully loaded configuration from the file at '/Users/jesse/Development/Examples/Terracotta/terracotta-definitive-guide-1.2/chapter_04_catalog_example/tc-config.xml'. Config is:

<?xml version="1.0" encoding="UTF-8"?>
<con:tc-config xmlns:con="http://www.terracotta.org/config">
  <system>
    <configuration-model>development</configuration-model>
  </system>
  <servers>
    <server name="localhost">
      <dso-port>9510</dso-port>
      <jmx-port>9520</jmx-port>
      <data>terracotta/server-data</data>
      <logs>terracotta/server-logs</logs>
    </server>
  </servers>
  <clients>
    <logs>terracotta/client-logs</logs>
  </clients>
  <application>
    <dso>
      <instrumented-classes>
        <include>
          <!--include all classes in the example package for bytecode instrumentation-->
          <class-expression>example..*</class-expression>
        </include>
      </instrumented-classes>
      <locks>
        <autolock>
          <method-expression>void *..*(..)</method-expression>
          <lock-level>write</lock-level>
        </autolock>
      </locks>
      <roots>
        <root>
          <field-name>example.Roots.barrier</field-name>
        </root>
        <root>
          <field-name>example.Roots.catalog</field-name>
        </root>
        <root>
          <field-name>example.Roots.activeShoppingCarts</field-name>
        </root>
      </roots>
    </dso>
  </application>
</con:tc-config>
2009-09-21 16:36:47,376 [main] INFO com.terracottatech.console - Configuration loaded from the file at '/Users/jesse/Development/Examples/Terracotta/terracotta-definitive-guide-1.2/chapter_04_catalog_example/tc-config.xml'.
2009-09-21 16:36:47,401 [main] INFO com.tc.properties.TCProperties - Loading default properties from tc.properties
2009-09-21 16:36:47,401 [main] INFO com.tc.properties.TCProperties - tc-config doesn't have any tc-property. No tc-property will be overridden
2009-09-21 16:36:47,403 [main] INFO com.tc.properties.TCProperties - Loaded TCProperties : TCProperties = { cvt.buffer.randomsuffix.enabled = false, cvt.client.fail.buffer.open = false, cvt.rest.interface.enabled = true, cvt.retriever.notification.interval = 60, cvt.statistics.logging.interval = 900, cvt.store.randomsuffix.enabled = false, ehcache.clusterAllCacheManagers = true, ehcache.concurrency = 128, ehcache.evictor.logging.enabled = false, ehcache.evictor.pool.size = 1, ehcache.global.eviction.enable = true, ehcache.global.eviction.frequency = 10, ehcache.global.eviction.rest.timeMillis = 10, ehcache.global.eviction.segments = 2, ehcache.lock.readLevel = READ, ehcache.lock.writeLevel = WRITE, ehcache.logging.enabled = false, http.defaultservlet.attribute.aliases = false;, http.defaultservlet.attribute.dirallowed = false;, http.defaultservlet.enabled = false;, l1.cachemanager.criticalObjectThreshold = -1, l1.cachemanager.criticalThreshold = 90, l1.cachemanager.enabled = true, l1.cachemanager.leastCount = 2, l1.cachemanager.logging.enabled = false, l1.cachemanager.monitorOldGenOnly = true, l1.cachemanager.percentageToEvict = 10, l1.cachemanager.sleepInterval = 3000, l1.cachemanager.threshold = 70, l1.connect.versionMatchCheck.enabled = true, l1.healthcheck.l2.bindAddress = 0.0.0.0, l1.healthcheck.l2.bindPort = 0, l1.healthcheck.l2.ping.enabled = true, l1.healthcheck.l2.ping.idletime = 5000, l1.healthcheck.l2.ping.interval = 1000, l1.healthcheck.l2.ping.probes = 3, l1.healthcheck.l2.socketConnect = true, l1.healthcheck.l2.socketConnectCount = 13, l1.healthcheck.l2.socketConnectTimeout = 5, l1.jvm.check.compatibility = true, l1.l2.config.validation.enabled = true, l1.lock.statistics.gatherInterval = 1, l1.lock.statistics.traceDepth = 0, l1.lockmanager.striped.count = 128, l1.lockmanager.timeout.interval = 60000, l1.max.connect.retries = -1, l1.modules.additional = , l1.modules.default = org.terracotta.modules.excludes-config;bundle-version:=3.1.0,org.terracotta.modules.guimodels-config;bundle-version:=3.1.0,org.terracotta.modules.jdk15-preinst-config;bundle-version:=3.1.0,org.terracotta.modules.standard-config;bundle-version:=3.1.0, l1.modules.repositories = , l1.modules.tc-version-check = , l1.objectmanager.fault.logging.enabled = false, l1.objectmanager.flush.logging.enabled = false, l1.objectmanager.objectid.request.size = 50000, l1.objectmanager.remote.logging.enabled = false, l1.objectmanager.remote.maxDNALRUSize = 60, l1.seda.stage.sink.capacity = -1, l1.serverarray.objectCreationStrategy = round-robin, l1.serverarray.objectCreationStrategy.groupAffinity.groupName = mirror-group1, l1.serverarray.objectCreationStrategy.roundRobin.startIndex = sequential, l1.socket.connect.timeout = 10000, l1.socket.reconnect.waitInterval = 1000, l1.transactionmanager.completedAckFlushTimeout = 5000, l1.transactionmanager.folding.debug = false, l1.transactionmanager.folding.enabled = true, l1.transactionmanager.folding.lock.limit = 0, l1.transactionmanager.folding.object.limit = 0, l1.transactionmanager.logging.enabled = false, l1.transactionmanager.maxBatchSizeInKiloBytes = 128, l1.transactionmanager.maxOutstandingBatchSize = 4, l1.transactionmanager.maxPendingBatches = 88, l1.transactionmanager.maxSleepTimeBeforeHalt = 1024, l1.transactionmanager.strings.compress.enabled = true, l1.transactionmanager.strings.compress.logging.enabled = false, l1.transactionmanager.strings.compress.minSize = 512, l1.transactionmanager.timeoutForAckOnExit = 300, l2.beanshell.enabled = false, l2.beanshell.port = 9929, l2.berkeleydb.je.checkpointer.bytesInterval = 100000000, l2.berkeleydb.je.cleaner.bytesInterval = 20000000, l2.berkeleydb.je.cleaner.detailMaxMemoryPercentage = 5, l2.berkeleydb.je.cleaner.lookAheadCacheSize = 32768, l2.berkeleydb.je.cleaner.minAge = 5, l2.berkeleydb.je.lock.nLockTables = 7, l2.berkeleydb.je.lock.timeout = 180000000, l2.berkeleydb.je.maxMemoryPercent = 25, l2.cachemanager.criticalObjectThreshold = -1, l2.cachemanager.criticalThreshold = 90, l2.cachemanager.enabled = true, l2.cachemanager.leastCount = 2, l2.cachemanager.logging.enabled = false, l2.cachemanager.monitorOldGenOnly = true, l2.cachemanager.percentageToEvict = 10, l2.cachemanager.sleepInterval = 3000, l2.cachemanager.threshold = 70, l2.data.backup.throttle.timeInMillis = 0, l2.healthcheck.l1.ping.enabled = true, l2.healthcheck.l1.ping.idletime = 5000, l2.healthcheck.l1.ping.interval = 1000, l2.healthcheck.l1.ping.probes = 3, l2.healthcheck.l1.socketConnect = true, l2.healthcheck.l1.socketConnectCount = 10, l2.healthcheck.l1.socketConnectTimeout = 5, l2.healthcheck.l2.ping.enabled = true, l2.healthcheck.l2.ping.idletime = 5000, l2.healthcheck.l2.ping.interval = 1000, l2.healthcheck.l2.ping.probes = 3, l2.healthcheck.l2.socketConnect = true, l2.healthcheck.l2.socketConnectCount = 10, l2.healthcheck.l2.socketConnectTimeout = 5, l2.l1reconnect.enabled = false, l2.l1reconnect.maxDelayedAcks = 16, l2.l1reconnect.sendWindow = 32, l2.l1reconnect.sendqueue.cap = 5000, l2.l1reconnect.timeout.millis = 5000, l2.lfu.agingFactor = 1, l2.lfu.debug.enabled = false, l2.lfu.recentlyAccessedIgnorePercentage = 20, l2.lockmanager.greedy.lease.enabled = true, l2.lockmanager.greedy.lease.leaseTimeInMillis = 50, l2.nha.autoRestart = true, l2.nha.dirtydb.autoDelete = true, l2.nha.dirtydb.rolling = 0, l2.nha.send.timeout.millis = 16000, l2.nha.tcgroupcomm.discovery.interval = 1000, l2.nha.tcgroupcomm.handshake.timeout = 5000, l2.nha.tcgroupcomm.reconnect.enabled = false, l2.nha.tcgroupcomm.reconnect.maxDelayedAcks = 16, l2.nha.tcgroupcomm.reconnect.sendWindow = 32, l2.nha.tcgroupcomm.reconnect.sendqueue.cap = 5000, l2.nha.tcgroupcomm.reconnect.timeout = 5000, l2.objectmanager.cachePolicy = lfu, l2.objectmanager.deleteBatchSize = 5000, l2.objectmanager.dgc.throttle.requestsPerThrottle = 1000, l2.objectmanager.dgc.throttle.timeInMillis = 0, l2.objectmanager.dgc.young.enabled = false, l2.objectmanager.dgc.young.frequencyInMillis = 180000, l2.objectmanager.fault.logging.enabled = false, l2.objectmanager.flush.logging.enabled = false, l2.objectmanager.loadObjectID.checkpoint.maxlimit = -1, l2.objectmanager.loadObjectID.checkpoint.maxsleep = 10000, l2.objectmanager.loadObjectID.fastLoad = true, l2.objectmanager.loadObjectID.longsPerDiskEntry = 8, l2.objectmanager.loadObjectID.mapsdatabase.longsPerDiskEntry = 1, l2.objectmanager.maxObjectsInTxnObjGrouping = 5000, l2.objectmanager.maxObjectsToCommit = 5000, l2.objectmanager.maxTxnsInTxnObjectGrouping = 500, l2.objectmanager.objectrequest.logging.enabled = false, l2.objectmanager.objectrequest.split.size = 5, l2.objectmanager.passive.sync.batch.size = 500, l2.objectmanager.passive.sync.throttle.timeInMillis = 0, l2.objectmanager.persistor.logging.enabled = false, l2.objectmanager.persistor.measure.performance = false, l2.objectmanager.request.logging.enabled = false, l2.remotejmx.idletime = 5, l2.remotejmx.maxthreads = 50, l2.seda.commitstage.threads = 4, l2.seda.faultstage.threads = 4, l2.seda.flushstage.threads = 4, l2.seda.gcdeletestage.threads = 1, l2.seda.managedobjectrequeststage.threads = 1, l2.seda.managedobjectresponsestage.threads = 4, l2.seda.stage.sink.capacity = -1, l2.serverarray.2pc.enabled = true, l2.startuplock.retries.enabled = false, l2.transactionmanager.logging.enabled = false, l2.transactionmanager.logging.printBroadcastStats = false, l2.transactionmanager.logging.printCommits = false, l2.transactionmanager.logging.printStats = true, l2.transactionmanager.logging.verbose = false, l2.transactionmanager.passive.throttle.enabled = true, l2.transactionmanager.passive.throttle.maxSleepSeconds = 5, l2.transactionmanager.passive.throttle.threshold = 20000, lock.statistics.enabled = false, logging.longgc.threshold = 8000, logging.maxBackups = 20, logging.maxLogFileSize = 512, memory.monitor.forcebasic = false, net.core.keepalive = false, net.core.tcpnodelay = true, session.debug.hops = false, session.debug.hops.interval = 100, session.debug.invalidate = false, session.debug.sessions = false, session.invalidator.bench.enabled = true, session.invalidator.sleep = 300, session.request.bench.enabled = false, session.request.tracking = false, session.request.tracking.dump = false, session.request.tracking.interval = 2500, session.request.tracking.threshold = 15000, session.vhosts.excluded = , stats.printer.intervalInMillis = 5000, tc.bytebuffer.common.pool.maxcount = 3000, tc.bytebuffer.pooling.enabled = true, tc.bytebuffer.threadlocal.pool.maxcount = 2000, tc.management.mbeans.enabled = true, tc.management.test.mbeans.enabled = false, tc.stage.monitor.delay = 5000, tc.stage.monitor.enabled = false, tcm.monitor.delay = 5, tcm.monitor.enabled = false }
2009-09-21 16:36:47,614 [main] INFO com.terracottatech.console - Log file: '/Users/jesse/Development/Examples/Terracotta/terracotta-definitive-guide-1.2/chapter_04_catalog_example/terracotta/server-logs/terracotta-server.log'.
2009-09-21 16:36:47,615 [main] INFO com.tc.logging.TCLogging - All Java System Properties for this Terracotta instance:
========================================================================
awt.nativeDoubleBuffering    : true
awt.toolkit                  : apple.awt.CToolkit
com.sun.management.jmxremote : 
file.encoding                : MacRoman
file.encoding.pkg            : sun.io
file.separator               : /
gopherProxySet               : false
java.awt.graphicsenv         : apple.awt.CGraphicsEnvironment
java.awt.printerjob          : apple.awt.CPrinterJob
java.class.path              : bin/../lib/tc.jar
java.class.version           : 50.0
java.endorsed.dirs           : /System/Library/Frameworks/JavaVM.framework/Versions/1.6.0/Home/lib/endorsed
java.ext.dirs                : /Library/Java/Extensions:/System/Library/Java/Extensions:/System/Library/Frameworks/JavaVM.framework/Versions/1.6.0/Home/lib/ext
java.home                    : /System/Library/Frameworks/JavaVM.framework/Versions/1.6.0/Home
java.io.tmpdir               : /var/folders/zz/zzzivhrRnAmviuee+++++++++++/-Tmp-/
java.library.path            : .:/Library/Java/Extensions:/System/Library/Java/Extensions:/usr/lib/java
java.rmi.server.randomIDs    : true
java.runtime.name            : Java(TM) SE Runtime Environment
java.runtime.version         : 1.6.0_15-b03-219
java.specification.name      : Java Platform API Specification
java.specification.vendor    : Sun Microsystems Inc.
java.specification.version   : 1.6
java.vendor                  : Apple Inc.
java.vendor.url              : http://www.apple.com/
java.vendor.url.bug          : http://bugreport.apple.com/
java.version                 : 1.6.0_15
java.vm.info                 : mixed mode
java.vm.name                 : Java HotSpot(TM) 64-Bit Server VM
java.vm.specification.name   : Java Virtual Machine Specification
java.vm.specification.vendor : Sun Microsystems Inc.
java.vm.specification.version: 1.0
java.vm.vendor               : Apple Inc.
java.vm.version              : 14.1-b02-90
line.separator               : 

mrj.version                  : 1060.1.6.0_15-219
os.arch                      : x86_64
os.name                      : Mac OS X
os.version                   : 10.6.1
path.separator               : :
sun.arch.data.model          : 64
sun.boot.class.path          : /System/Library/Frameworks/JavaVM.framework/Versions/1.6.0/Classes/jsfd.jar:/System/Library/Frameworks/JavaVM.framework/Versions/1.6.0/Classes/classes.jar:/System/Library/Frameworks/JavaVM.framework/Frameworks/JavaRuntimeSupport.framework/Resources/Java/JavaRuntimeSupport.jar:/System/Library/Frameworks/JavaVM.framework/Versions/1.6.0/Classes/ui.jar:/System/Library/Frameworks/JavaVM.framework/Versions/1.6.0/Classes/laf.jar:/System/Library/Frameworks/JavaVM.framework/Versions/1.6.0/Classes/sunrsasign.jar:/System/Library/Frameworks/JavaVM.framework/Versions/1.6.0/Classes/jsse.jar:/System/Library/Frameworks/JavaVM.framework/Versions/1.6.0/Classes/jce.jar:/System/Library/Frameworks/JavaVM.framework/Versions/1.6.0/Classes/charsets.jar
sun.boot.library.path        : /System/Library/Frameworks/JavaVM.framework/Versions/1.6.0/Libraries
sun.cpu.endian               : little
sun.cpu.isalist              : 
sun.io.unicode.encoding      : UnicodeLittle
sun.java.launcher            : SUN_STANDARD
sun.jnu.encoding             : MacRoman
sun.management.compiler      : HotSpot 64-Bit Server Compiler
sun.os.patch.level           : unknown
tc.install-root              : bin/..
user.country                 : US
user.dir                     : /usr/local/terracotta-3.1.0
user.home                    : /var/root
user.language                : en
user.name                    : root
user.timezone                : America/Chicago
========================================================================
2009-09-21 16:36:47,928 [main] INFO com.terracottatech.dso - Statistics store: '/Users/jesse/Development/Examples/Terracotta/terracotta-definitive-guide-1.2/chapter_04_catalog_example/statistics'.
2009-09-21 16:36:47,940 [main] INFO com.terracottatech.console - Available Max Runtime Memory: 496MB
2009-09-21 16:36:48,121 [main] INFO com.terracottatech.dso - Standard DSO Server created
2009-09-21 16:36:48,123 [main] INFO com.terracottatech.dso - Creating server nodeID: NodeID[localhost:9510]
2009-09-21 16:36:48,147 [Statistics Logger] INFO com.terracottatech.dso - memory free : 471134448
2009-09-21 16:36:48,147 [Statistics Logger] INFO com.terracottatech.dso - memory used : 48959248
2009-09-21 16:36:48,147 [Statistics Logger] INFO com.terracottatech.dso - memory max : 520093696
2009-09-21 16:36:48,208 [main] INFO com.terracottatech.dso - Statistics buffer: '/Users/jesse/Development/Examples/Terracotta/terracotta-definitive-guide-1.2/chapter_04_catalog_example/statistics'.
2009-09-21 16:36:48,299 [main] INFO com.terracottatech.console - JMX Server started. Available at URL[service:jmx:jmxmp://0.0.0.0:9520]
2009-09-21 16:36:48,354 [main] INFO com.tc.objectserver.persistence.sleepycat.DBEnvironment - Env config = allowCreate=true
cacheSize=0
txnNoSync=true
txnWriteNoSync=false
{je.cleaner.minAge=5, je.cleaner.bytesInterval=20000000, je.env.isTransactional=true, je.cleaner.lookAheadCacheSize=32768, je.env.isReadOnly=false, je.maxMemoryPercent=25, je.lock.nLockTables=7, je.checkpointer.bytesInterval=100000000, je.cleaner.detailMaxMemoryPercentage=5, je.lock.timeout=180000000}
 DB Config = allowCreate=true
exclusiveCreate=false
transactional=true
readOnly=false
duplicatesAllowed=false
deferredWrite=false
temporary=false
keyPrefixingEnabled=false
 JE Properties = {je.cleaner.detailMaxMemoryPercentage=5, je.cleaner.bytesInterval=20000000, je.maxMemoryPercent=25, je.checkpointer.bytesInterval=100000000, je.cleaner.lookAheadCacheSize=32768, je.lock.nLockTables=7, je.cleaner.minAge=5, je.lock.timeout=180000000}
2009-09-21 16:36:48,591 [main] INFO com.terracottatech.dso - Database version [2.2]
2009-09-21 16:36:48,714 [main] INFO com.tc.net.core.TCWorkerCommManager - Creating 2 worker comm threads.
2009-09-21 16:36:48,726 [main] INFO com.tc.net.protocol.transport.ConnectionHealthCheckerImpl: DSO Server - HealthChecker Started
2009-09-21 16:36:48,727 [main] INFO com.tc.net.protocol.tcm.CommunicationsManager - HealtCheck CallbackPort Listener not requested
2009-09-21 16:36:48,752 [main] INFO com.tc.runtime.TCMemoryManagerImpl - GarbageCollector: PS Scavenge
2009-09-21 16:36:48,752 [main] INFO com.tc.runtime.TCMemoryManagerImpl - GarbageCollector: PS MarkSweep
2009-09-21 16:36:48,879 [main] INFO com.tc.objectserver.dgc.impl.GarbageCollectorThread - Young Gen Time = -1 Full Gen Time = 3600000
2009-09-21 16:36:48,900 [main] INFO com.tc.statistics.StatisticRetrievalAction - "message monitor" statistic is not enabled. Please enable the property "tcm.monitor.delay" to collect this statistics.
2009-09-21 16:36:48,901 [main] INFO com.tc.statistics.retrieval.actions.SRAL2FaultsFromDisk - "l2 faults from disk" statistic is not enabled. Please enable the property "l2.objectmanager.fault.logging.enabled" to collect this statistic.
2009-09-21 16:36:48,904 [main] INFO com.terracottatech.dso - This L2 Node ID = NodeID[CurrentNode]
2009-09-21 16:36:48,904 [main] INFO com.tc.objectserver.tx.ServerTransactionManager - Waiting for txns to complete
2009-09-21 16:36:48,905 [main] INFO com.tc.objectserver.tx.ServerTransactionManager - No more txns in the system.
2009-09-21 16:36:48,906 [main] INFO com.tc.objectserver.tx.ResentTransactionSequencer - Making callback com.tc.objectserver.gtx.GlobalTransactionIDLowWaterMarkProvider$2@7578a7d9 pending since in State[ ADD_RESENT ] resent txns size : 0
2009-09-21 16:36:48,906 [main] INFO com.tc.objectserver.handshakemanager.ServerClientHandshakeManager - Starting DSO services...
2009-09-21 16:36:48,906 [main] INFO com.tc.objectserver.persistence.impl.TransactionStoreImpl - shutdownAllClientsExcept() : Removing txns from DB : 0
2009-09-21 16:36:48,907 [main] INFO com.tc.objectserver.impl.ObjectRequestManagerRestartImpl - Processing Pending Lookups = 0
2009-09-21 16:36:48,907 [main] INFO com.tc.objectserver.tx.ResentTransactionSequencer - Unregistering ResentTransactionSequencer since no more resent Transactions : 0
2009-09-21 16:36:48,907 [main] INFO com.tc.objectserver.tx.ResentTransactionSequencer - Adding Pending resent CallBacks to  TxnMgr : com.tc.objectserver.gtx.GlobalTransactionIDLowWaterMarkProvider$2@7578a7d9
2009-09-21 16:36:48,907 [main] INFO com.tc.objectserver.gtx.GlobalTransactionIDLowWaterMarkProvider - Switching GlobalTransactionID Low Water mark provider since all resent transactions are applied
2009-09-21 16:36:48,922 [main] INFO com.terracottatech.console - Terracotta Server instance has started up as ACTIVE node on 0.0.0.0:9510 successfully, and is now ready for work.
2009-09-21 16:36:48,950 [main] INFO com.tc.server.TCServer - Server started as localhost
2009-09-21 16:36:48,950 [Update Checker] INFO com.tc.server.UpdateCheckAction - Update Checker: Checking...
2009-09-21 16:36:49,563 [Update Checker] INFO com.tc.server.UpdateCheckAction - Update Checker: No updates found
2009-09-21 16:36:49,564 [Update Checker] INFO com.tc.server.UpdateCheckAction - Update Checker: Next check at Mon Sep 28 16:36:49 CDT 2009
2009-09-21 16:42:17,250 [TCComm Main Selector Thread (listen 0.0.0.0:9510)] INFO com.tc.net.protocol.transport.ServerMessageTransport - ConnectionID(0.9dbaa5135e3b47d080f55325e6a8cf83): Attaching new connection: com.tc.net.core.TCConnectionJDK14@1512903617: connected: true, closed: false local=127.0.0.1:9510 remote=127.0.0.1:58824 connect=[Mon Sep 21 16:42:17 CDT 2009] idle=10ms [28 read, 0 write]
2009-09-21 16:42:17,260 [TCComm Main Selector Thread (listen 0.0.0.0:9510)] WARN com.tc.net.core.CoreNIOServices - Exception trying to process interest request: java.nio.channels.CancelledKeyException
2009-09-21 16:42:17,260 [TCComm Main Selector Thread (listen 0.0.0.0:9510)] INFO com.tc.net.core.TCWorkerCommManager - Selecting [TCWorkerComm # 0, wt:0]  from [[TCWorkerComm # 0, wt:0], [TCWorkerComm # 1, wt:0]]
2009-09-21 16:42:17,268 [TCWorkerComm # 0] INFO com.tc.net.protocol.transport.ConnectionHealthCheckerImpl. DSO Server - Health monitoring agent started for vodafone.localhost.com:58824
2009-09-21 16:42:17,276 [TCComm Main Selector Thread (listen 0.0.0.0:9510)] INFO com.tc.net.protocol.transport.ConnectionHealthCheckerImpl. DSO Server - HealthCheckCallbackPort verification PASSED for vodafone.localhost.com:58824(callbackport: 58823)
2009-09-21 16:42:17,284 [WorkerThread(jmxremote_tunnel_stage,0)] INFO com.tc.management.remote.protocol.terracotta.ClientTunnelingEventHandler - L1[ChannelID=[0]] notified us that their JMX server is now available
2009-09-21 16:42:17,289 [WorkerThread(client_handshake_stage,0)] INFO com.tc.objectserver.handshakemanager.ServerClientHandshakeManager - Client connected ClientID[0]
2009-09-21 16:42:17,647 [WorkerThread(jmxremote_connect_stage,0)] INFO com.tc.management.remote.connect.ClientConnectEventHandler - Tunneled MBean 'org.terracotta.internal:name=Terracotta Statistics Emitter,subsystem=Statistics,type=Terracotta Agent,clients=Clients,node=vodafone.localhost.com/58824'
2009-09-21 16:42:17,662 [WorkerThread(jmxremote_connect_stage,0)] INFO com.tc.management.remote.connect.ClientConnectEventHandler - Tunneled MBean 'org.terracotta:name=Terracotta Cluster Bean,type=Terracotta Cluster,clients=Clients,node=vodafone.localhost.com/58824'
2009-09-21 16:42:17,676 [WorkerThread(jmxremote_connect_stage,0)] INFO com.tc.management.remote.connect.ClientConnectEventHandler - Tunneled MBean 'org.terracotta.internal:name=DSO Client Dump Bean,type=DSO Client,clients=Clients,node=vodafone.localhost.com/58824'
2009-09-21 16:42:17,723 [WorkerThread(jmxremote_connect_stage,0)] INFO com.tc.management.remote.connect.ClientConnectEventHandler - Tunneled MBean 'org.terracotta:name=Terracotta for Sessions,type=Sessions,clients=Clients,node=vodafone.localhost.com/58824'
2009-09-21 16:42:17,768 [WorkerThread(jmxremote_connect_stage,0)] INFO com.tc.management.remote.connect.ClientConnectEventHandler - Tunneled MBean 'org.terracotta:name=Terracotta Instrumentation Logging Bean,subsystem=Logging,type=DSO Client,clients=Clients,node=vodafone.localhost.com/58824'
2009-09-21 16:42:17,827 [WorkerThread(jmxremote_connect_stage,0)] INFO com.tc.management.remote.connect.ClientConnectEventHandler - Tunneled MBean 'org.terracotta.internal:name=Client transactions,subsystem=Transactions,type=DSO Client,clients=Clients,node=vodafone.localhost.com/58824'
2009-09-21 16:42:18,202 [WorkerThread(jmxremote_connect_stage,0)] INFO com.tc.management.remote.connect.ClientConnectEventHandler - Tunneled MBean 'org.terracotta:name=Terracotta Runtime Logging Bean,subsystem=Logging,type=DSO Client,clients=Clients,node=vodafone.localhost.com/58824'
2009-09-21 16:42:18,249 [WorkerThread(jmxremote_connect_stage,0)] INFO com.tc.management.remote.connect.ClientConnectEventHandler - Tunneled MBean 'org.terracotta.internal:name=Terracotta Statistics Manager,subsystem=Statistics,type=Terracotta Agent,clients=Clients,node=vodafone.localhost.com/58824'
2009-09-21 16:42:18,310 [WorkerThread(jmxremote_connect_stage,0)] INFO com.tc.management.remote.connect.ClientConnectEventHandler - Tunneled MBean 'org.terracotta:name=L1 Info Bean,type=DSO Client,clients=Clients,node=vodafone.localhost.com/58824'
2009-09-21 16:42:18,330 [WorkerThread(jmxremote_connect_stage,0)] INFO com.tc.management.remote.connect.ClientConnectEventHandler - Tunneled MBean 'org.terracotta:name=Terracotta Runtime Output Options Bean,subsystem=Logging,type=DSO Client,clients=Clients,node=vodafone.localhost.com/58824'
2009-09-21 16:42:45,452 [TCComm Main Selector Thread (listen 0.0.0.0:9510)] INFO com.tc.net.protocol.transport.ServerMessageTransport - ConnectionID(1.9dbaa5135e3b47d080f55325e6a8cf83): Attaching new connection: com.tc.net.core.TCConnectionJDK14@1125620764: connected: true, closed: false local=127.0.0.1:9510 remote=127.0.0.1:58833 connect=[Mon Sep 21 16:42:45 CDT 2009] idle=1ms [28 read, 0 write]
2009-09-21 16:42:45,452 [TCComm Main Selector Thread (listen 0.0.0.0:9510)] WARN com.tc.net.core.CoreNIOServices - Exception trying to process interest request: java.nio.channels.CancelledKeyException
2009-09-21 16:42:45,452 [TCComm Main Selector Thread (listen 0.0.0.0:9510)] INFO com.tc.net.core.TCWorkerCommManager - Selecting [TCWorkerComm # 1, wt:0]  from [[TCWorkerComm # 0, wt:1], [TCWorkerComm # 1, wt:0]]
2009-09-21 16:42:45,457 [TCWorkerComm # 1] INFO com.tc.net.protocol.transport.ConnectionHealthCheckerImpl. DSO Server - Health monitoring agent started for vodafone.localhost.com:58833
2009-09-21 16:42:45,459 [TCComm Main Selector Thread (listen 0.0.0.0:9510)] INFO com.tc.net.protocol.transport.ConnectionHealthCheckerImpl. DSO Server - HealthCheckCallbackPort verification PASSED for vodafone.localhost.com:58833(callbackport: 58832)
2009-09-21 16:42:45,467 [WorkerThread(jmxremote_tunnel_stage,0)] INFO com.tc.management.remote.protocol.terracotta.ClientTunnelingEventHandler - L1[ChannelID=[1]] notified us that their JMX server is now available
2009-09-21 16:42:45,476 [WorkerThread(client_handshake_stage,0)] INFO com.tc.objectserver.handshakemanager.ServerClientHandshakeManager - Client connected ClientID[1]
2009-09-21 16:42:45,747 [WorkerThread(jmxremote_connect_stage,0)] INFO com.tc.management.remote.connect.ClientConnectEventHandler - Tunneled MBean 'org.terracotta.internal:name=Terracotta Statistics Emitter,subsystem=Statistics,type=Terracotta Agent,clients=Clients,node=vodafone.localhost.com/58833'
2009-09-21 16:42:45,786 [WorkerThread(jmxremote_connect_stage,0)] INFO com.tc.management.remote.connect.ClientConnectEventHandler - Tunneled MBean 'org.terracotta:name=Terracotta Cluster Bean,type=Terracotta Cluster,clients=Clients,node=vodafone.localhost.com/58833'
2009-09-21 16:42:45,820 [WorkerThread(jmxremote_connect_stage,0)] INFO com.tc.management.remote.connect.ClientConnectEventHandler - Tunneled MBean 'org.terracotta.internal:name=DSO Client Dump Bean,type=DSO Client,clients=Clients,node=vodafone.localhost.com/58833'
2009-09-21 16:42:45,857 [WorkerThread(jmxremote_connect_stage,0)] INFO com.tc.management.remote.connect.ClientConnectEventHandler - Tunneled MBean 'org.terracotta:name=Terracotta for Sessions,type=Sessions,clients=Clients,node=vodafone.localhost.com/58833'
2009-09-21 16:42:45,894 [WorkerThread(jmxremote_connect_stage,0)] INFO com.tc.management.remote.connect.ClientConnectEventHandler - Tunneled MBean 'org.terracotta:name=Terracotta Instrumentation Logging Bean,subsystem=Logging,type=DSO Client,clients=Clients,node=vodafone.localhost.com/58833'
2009-09-21 16:42:45,923 [WorkerThread(jmxremote_connect_stage,0)] INFO com.tc.management.remote.connect.ClientConnectEventHandler - Tunneled MBean 'org.terracotta.internal:name=Client transactions,subsystem=Transactions,type=DSO Client,clients=Clients,node=vodafone.localhost.com/58833'
2009-09-21 16:42:45,954 [WorkerThread(jmxremote_connect_stage,0)] INFO com.tc.management.remote.connect.ClientConnectEventHandler - Tunneled MBean 'org.terracotta:name=Terracotta Runtime Logging Bean,subsystem=Logging,type=DSO Client,clients=Clients,node=vodafone.localhost.com/58833'
2009-09-21 16:42:45,983 [WorkerThread(jmxremote_connect_stage,0)] INFO com.tc.management.remote.connect.ClientConnectEventHandler - Tunneled MBean 'org.terracotta.internal:name=Terracotta Statistics Manager,subsystem=Statistics,type=Terracotta Agent,clients=Clients,node=vodafone.localhost.com/58833'
2009-09-21 16:42:46,005 [WorkerThread(jmxremote_connect_stage,0)] INFO com.tc.management.remote.connect.ClientConnectEventHandler - Tunneled MBean 'org.terracotta:name=L1 Info Bean,type=DSO Client,clients=Clients,node=vodafone.localhost.com/58833'
2009-09-21 16:42:46,025 [WorkerThread(jmxremote_connect_stage,0)] INFO com.tc.management.remote.connect.ClientConnectEventHandler - Tunneled MBean 'org.terracotta:name=Terracotta Runtime Output Options Bean,subsystem=Logging,type=DSO Client,clients=Clients,node=vodafone.localhost.com/58833'
2009-09-21 16:42:47,449 [TCWorkerComm # 0] WARN com.tc.net.protocol.transport.ServerMessageTransport - ConnectionID(0.9dbaa5135e3b47d080f55325e6a8cf83): CLOSE EVENT : com.tc.net.core.TCConnectionJDK14@1512903617: connected: false, closed: true local=127.0.0.1:9510 remote=127.0.0.1:58824 connect=[Mon Sep 21 16:42:17 CDT 2009] idle=501ms [53778 read, 27493 write]. STATUS : ESTABLISHED
2009-09-21 16:42:47,449 [TCWorkerComm # 0] INFO com.tc.net.protocol.transport.ConnectionHealthCheckerImpl: DSO Server - Connection to [vodafone.localhost.com:58824] DISCONNECTED. Health Monitoring for this node is now disabled.
2009-09-21 16:42:47,455 [WorkerThread(channel_life_cycle_stage,0)] INFO com.tc.objectserver.handler.ChannelLifeCycleHandler - : Received transport disconnect.  Shutting down client ClientID[0]
2009-09-21 16:42:47,457 [WorkerThread(channel_life_cycle_stage,0)] INFO com.tc.objectserver.persistence.impl.TransactionStoreImpl - shutdownClient() : Removing txns from DB : 0
2009-09-21 16:42:47,494 [TCWorkerComm # 1] WARN com.tc.net.protocol.transport.ServerMessageTransport - ConnectionID(1.9dbaa5135e3b47d080f55325e6a8cf83): CLOSE EVENT : com.tc.net.core.TCConnectionJDK14@1125620764: connected: false, closed: true local=127.0.0.1:9510 remote=127.0.0.1:58833 connect=[Mon Sep 21 16:42:45 CDT 2009] idle=39ms [49452 read, 26809 write]. STATUS : ESTABLISHED
2009-09-21 16:42:47,494 [TCWorkerComm # 1] INFO com.tc.net.protocol.transport.ConnectionHealthCheckerImpl: DSO Server - Connection to [vodafone.localhost.com:58833] DISCONNECTED. Health Monitoring for this node is now disabled.
2009-09-21 16:42:47,498 [WorkerThread(channel_life_cycle_stage,0)] INFO com.tc.objectserver.handler.ChannelLifeCycleHandler - : Received transport disconnect.  Shutting down client ClientID[1]
2009-09-21 16:42:47,498 [WorkerThread(channel_life_cycle_stage,0)] INFO com.tc.objectserver.persistence.impl.TransactionStoreImpl - shutdownClient() : Removing txns from DB : 6
2009-09-21 16:51:48,145 [Statistics Logger] INFO com.terracottatech.dso - memory free : 453158368
2009-09-21 16:51:48,146 [Statistics Logger] INFO com.terracottatech.dso - memory used : 66935328
2009-09-21 16:51:48,146 [Statistics Logger] INFO com.terracottatech.dso - memory max : 520093696
2009-09-21 17:00:10,311 [TCComm Main Selector Thread (listen 0.0.0.0:9510)] INFO com.tc.net.protocol.transport.ServerMessageTransport - ConnectionID(2.9dbaa5135e3b47d080f55325e6a8cf83): Attaching new connection: com.tc.net.core.TCConnectionJDK14@2133178192: connected: true, closed: false local=127.0.0.1:9510 remote=127.0.0.1:59330 connect=[Mon Sep 21 17:00:10 CDT 2009] idle=1ms [28 read, 0 write]
2009-09-21 17:00:10,311 [TCComm Main Selector Thread (listen 0.0.0.0:9510)] WARN com.tc.net.core.CoreNIOServices - Exception trying to process interest request: java.nio.channels.CancelledKeyException
2009-09-21 17:00:10,311 [TCComm Main Selector Thread (listen 0.0.0.0:9510)] INFO com.tc.net.core.TCWorkerCommManager - Selecting [TCWorkerComm # 1, wt:0]  from [[TCWorkerComm # 0, wt:0], [TCWorkerComm # 1, wt:0]]
2009-09-21 17:00:10,317 [TCWorkerComm # 1] INFO com.tc.net.protocol.transport.ConnectionHealthCheckerImpl. DSO Server - Health monitoring agent started for vodafone.localhost.com:59330
2009-09-21 17:00:10,329 [TCComm Main Selector Thread (listen 0.0.0.0:9510)] INFO com.tc.net.protocol.transport.ConnectionHealthCheckerImpl. DSO Server - HealthCheckCallbackPort verification PASSED for vodafone.localhost.com:59330(callbackport: 59329)
2009-09-21 17:00:10,335 [WorkerThread(jmxremote_tunnel_stage,0)] INFO com.tc.management.remote.protocol.terracotta.ClientTunnelingEventHandler - L1[ChannelID=[2]] notified us that their JMX server is now available
2009-09-21 17:00:10,351 [WorkerThread(client_handshake_stage,0)] INFO com.tc.objectserver.handshakemanager.ServerClientHandshakeManager - Client connected ClientID[2]
2009-09-21 17:00:10,628 [WorkerThread(jmxremote_connect_stage,0)] INFO com.tc.management.remote.connect.ClientConnectEventHandler - Tunneled MBean 'org.terracotta.internal:name=Terracotta Statistics Emitter,subsystem=Statistics,type=Terracotta Agent,clients=Clients,node=vodafone.localhost.com/59330'
2009-09-21 17:00:10,668 [WorkerThread(jmxremote_connect_stage,0)] INFO com.tc.management.remote.connect.ClientConnectEventHandler - Tunneled MBean 'org.terracotta:name=Terracotta Cluster Bean,type=Terracotta Cluster,clients=Clients,node=vodafone.localhost.com/59330'
2009-09-21 17:00:10,709 [WorkerThread(jmxremote_connect_stage,0)] INFO com.tc.management.remote.connect.ClientConnectEventHandler - Tunneled MBean 'org.terracotta.internal:name=DSO Client Dump Bean,type=DSO Client,clients=Clients,node=vodafone.localhost.com/59330'
2009-09-21 17:00:10,744 [WorkerThread(jmxremote_connect_stage,0)] INFO com.tc.management.remote.connect.ClientConnectEventHandler - Tunneled MBean 'org.terracotta:name=Terracotta for Sessions,type=Sessions,clients=Clients,node=vodafone.localhost.com/59330'
2009-09-21 17:00:10,762 [WorkerThread(jmxremote_connect_stage,0)] INFO com.tc.management.remote.connect.ClientConnectEventHandler - Tunneled MBean 'org.terracotta:name=Terracotta Instrumentation Logging Bean,subsystem=Logging,type=DSO Client,clients=Clients,node=vodafone.localhost.com/59330'
2009-09-21 17:00:10,786 [WorkerThread(jmxremote_connect_stage,0)] INFO com.tc.management.remote.connect.ClientConnectEventHandler - Tunneled MBean 'org.terracotta.internal:name=Client transactions,subsystem=Transactions,type=DSO Client,clients=Clients,node=vodafone.localhost.com/59330'
2009-09-21 17:00:10,821 [WorkerThread(jmxremote_connect_stage,0)] INFO com.tc.management.remote.connect.ClientConnectEventHandler - Tunneled MBean 'org.terracotta:name=Terracotta Runtime Logging Bean,subsystem=Logging,type=DSO Client,clients=Clients,node=vodafone.localhost.com/59330'
2009-09-21 17:00:10,840 [WorkerThread(jmxremote_connect_stage,0)] INFO com.tc.management.remote.connect.ClientConnectEventHandler - Tunneled MBean 'org.terracotta.internal:name=Terracotta Statistics Manager,subsystem=Statistics,type=Terracotta Agent,clients=Clients,node=vodafone.localhost.com/59330'
2009-09-21 17:00:10,866 [WorkerThread(jmxremote_connect_stage,0)] INFO com.tc.management.remote.connect.ClientConnectEventHandler - Tunneled MBean 'org.terracotta:name=L1 Info Bean,type=DSO Client,clients=Clients,node=vodafone.localhost.com/59330'
2009-09-21 17:00:10,880 [WorkerThread(jmxremote_connect_stage,0)] INFO com.tc.management.remote.connect.ClientConnectEventHandler - Tunneled MBean 'org.terracotta:name=Terracotta Runtime Output Options Bean,subsystem=Logging,type=DSO Client,clients=Clients,node=vodafone.localhost.com/59330'
2009-09-21 17:00:32,113 [TCComm Main Selector Thread (listen 0.0.0.0:9510)] INFO com.tc.net.protocol.transport.ServerMessageTransport - ConnectionID(3.9dbaa5135e3b47d080f55325e6a8cf83): Attaching new connection: com.tc.net.core.TCConnectionJDK14@1375967270: connected: true, closed: false local=127.0.0.1:9510 remote=127.0.0.1:59339 connect=[Mon Sep 21 17:00:32 CDT 2009] idle=1ms [28 read, 0 write]
2009-09-21 17:00:32,114 [TCComm Main Selector Thread (listen 0.0.0.0:9510)] WARN com.tc.net.core.CoreNIOServices - Exception trying to process interest request: java.nio.channels.CancelledKeyException
2009-09-21 17:00:32,114 [TCComm Main Selector Thread (listen 0.0.0.0:9510)] INFO com.tc.net.core.TCWorkerCommManager - Selecting [TCWorkerComm # 0, wt:0]  from [[TCWorkerComm # 0, wt:0], [TCWorkerComm # 1, wt:1]]
2009-09-21 17:00:32,118 [TCWorkerComm # 0] INFO com.tc.net.protocol.transport.ConnectionHealthCheckerImpl. DSO Server - Health monitoring agent started for vodafone.localhost.com:59339
2009-09-21 17:00:32,120 [TCComm Main Selector Thread (listen 0.0.0.0:9510)] INFO com.tc.net.protocol.transport.ConnectionHealthCheckerImpl. DSO Server - HealthCheckCallbackPort verification PASSED for vodafone.localhost.com:59339(callbackport: 59338)
2009-09-21 17:00:32,129 [WorkerThread(jmxremote_tunnel_stage,0)] INFO com.tc.management.remote.protocol.terracotta.ClientTunnelingEventHandler - L1[ChannelID=[3]] notified us that their JMX server is now available
2009-09-21 17:00:32,138 [WorkerThread(client_handshake_stage,0)] INFO com.tc.objectserver.handshakemanager.ServerClientHandshakeManager - Client connected ClientID[3]
2009-09-21 17:00:32,376 [WorkerThread(jmxremote_connect_stage,0)] INFO com.tc.management.remote.connect.ClientConnectEventHandler - Tunneled MBean 'org.terracotta.internal:name=Terracotta Statistics Emitter,subsystem=Statistics,type=Terracotta Agent,clients=Clients,node=vodafone.localhost.com/59339'
2009-09-21 17:00:32,406 [WorkerThread(jmxremote_connect_stage,0)] INFO com.tc.management.remote.connect.ClientConnectEventHandler - Tunneled MBean 'org.terracotta:name=Terracotta Cluster Bean,type=Terracotta Cluster,clients=Clients,node=vodafone.localhost.com/59339'
2009-09-21 17:00:32,425 [WorkerThread(jmxremote_connect_stage,0)] INFO com.tc.management.remote.connect.ClientConnectEventHandler - Tunneled MBean 'org.terracotta.internal:name=DSO Client Dump Bean,type=DSO Client,clients=Clients,node=vodafone.localhost.com/59339'
2009-09-21 17:00:32,448 [WorkerThread(jmxremote_connect_stage,0)] INFO com.tc.management.remote.connect.ClientConnectEventHandler - Tunneled MBean 'org.terracotta:name=Terracotta for Sessions,type=Sessions,clients=Clients,node=vodafone.localhost.com/59339'
2009-09-21 17:00:32,470 [WorkerThread(jmxremote_connect_stage,0)] INFO com.tc.management.remote.connect.ClientConnectEventHandler - Tunneled MBean 'org.terracotta:name=Terracotta Instrumentation Logging Bean,subsystem=Logging,type=DSO Client,clients=Clients,node=vodafone.localhost.com/59339'
2009-09-21 17:00:32,502 [WorkerThread(jmxremote_connect_stage,0)] INFO com.tc.management.remote.connect.ClientConnectEventHandler - Tunneled MBean 'org.terracotta.internal:name=Client transactions,subsystem=Transactions,type=DSO Client,clients=Clients,node=vodafone.localhost.com/59339'
2009-09-21 17:00:32,541 [WorkerThread(jmxremote_connect_stage,0)] INFO com.tc.management.remote.connect.ClientConnectEventHandler - Tunneled MBean 'org.terracotta:name=Terracotta Runtime Logging Bean,subsystem=Logging,type=DSO Client,clients=Clients,node=vodafone.localhost.com/59339'
2009-09-21 17:00:32,582 [WorkerThread(jmxremote_connect_stage,0)] INFO com.tc.management.remote.connect.ClientConnectEventHandler - Tunneled MBean 'org.terracotta.internal:name=Terracotta Statistics Manager,subsystem=Statistics,type=Terracotta Agent,clients=Clients,node=vodafone.localhost.com/59339'
2009-09-21 17:00:32,629 [WorkerThread(jmxremote_connect_stage,0)] INFO com.tc.management.remote.connect.ClientConnectEventHandler - Tunneled MBean 'org.terracotta:name=L1 Info Bean,type=DSO Client,clients=Clients,node=vodafone.localhost.com/59339'
2009-09-21 17:00:32,666 [WorkerThread(jmxremote_connect_stage,0)] INFO com.tc.management.remote.connect.ClientConnectEventHandler - Tunneled MBean 'org.terracotta:name=Terracotta Runtime Output Options Bean,subsystem=Logging,type=DSO Client,clients=Clients,node=vodafone.localhost.com/59339'
2009-09-21 17:00:34,299 [TCWorkerComm # 0] WARN com.tc.net.protocol.transport.ServerMessageTransport - ConnectionID(3.9dbaa5135e3b47d080f55325e6a8cf83): CLOSE EVENT : com.tc.net.core.TCConnectionJDK14@1375967270: connected: false, closed: true local=127.0.0.1:9510 remote=127.0.0.1:59339 connect=[Mon Sep 21 17:00:32 CDT 2009] idle=1156ms [49454 read, 27413 write]. STATUS : ESTABLISHED
2009-09-21 17:00:34,299 [TCWorkerComm # 0] INFO com.tc.net.protocol.transport.ConnectionHealthCheckerImpl: DSO Server - Connection to [vodafone.localhost.com:59339] DISCONNECTED. Health Monitoring for this node is now disabled.
2009-09-21 17:00:34,300 [WorkerThread(channel_life_cycle_stage,0)] INFO com.tc.objectserver.handler.ChannelLifeCycleHandler - : Received transport disconnect.  Shutting down client ClientID[3]
2009-09-21 17:00:34,303 [WorkerThread(channel_life_cycle_stage,0)] INFO com.tc.objectserver.persistence.impl.TransactionStoreImpl - shutdownClient() : Removing txns from DB : 6
2009-09-21 17:00:34,340 [TCWorkerComm # 1] WARN com.tc.net.protocol.transport.ServerMessageTransport - ConnectionID(2.9dbaa5135e3b47d080f55325e6a8cf83): CLOSE EVENT : com.tc.net.core.TCConnectionJDK14@2133178192: connected: false, closed: true local=127.0.0.1:9510 remote=127.0.0.1:59330 connect=[Mon Sep 21 17:00:10 CDT 2009] idle=40ms [51594 read, 28017 write]. STATUS : ESTABLISHED
2009-09-21 17:00:34,341 [TCWorkerComm # 1] INFO com.tc.net.protocol.transport.ConnectionHealthCheckerImpl: DSO Server - Connection to [vodafone.localhost.com:59330] DISCONNECTED. Health Monitoring for this node is now disabled.
2009-09-21 17:00:34,345 [WorkerThread(channel_life_cycle_stage,0)] INFO com.tc.objectserver.handler.ChannelLifeCycleHandler - : Received transport disconnect.  Shutting down client ClientID[2]
2009-09-21 17:00:34,345 [WorkerThread(channel_life_cycle_stage,0)] INFO com.tc.objectserver.persistence.impl.TransactionStoreImpl - shutdownClient() : Removing txns from DB : 9
2009-09-21 17:00:41,721 [CommonShutDownHook] INFO com.terracottatech.dso - L2 Exiting...
