2009-09-21 17:00:07,842 [main] INFO com.terracottatech.general - New logging session started.
2009-09-21 17:00:07,906 [main] INFO com.terracottatech.console - Terracotta 3.1.0, as of 20090820-100801 (Revision 13440 by cruise@su10mo5 from 3.1)
2009-09-21 17:00:07,935 [main] INFO com.tc.config.schema.setup.StandardXMLFileConfigurationCreator - Attempting to load configuration from the file at '/Users/jesse/Development/Examples/Terracotta/terracotta-definitive-guide-1.2/chapter_04_catalog_example/tc-config.xml'...
2009-09-21 17:00:07,939 [main] INFO com.tc.config.schema.setup.StandardXMLFileConfigurationCreator - Successfully loaded configuration from the file at '/Users/jesse/Development/Examples/Terracotta/terracotta-definitive-guide-1.2/chapter_04_catalog_example/tc-config.xml'. Config is:

<?xml version="1.0" encoding="UTF-8"?>
<con:tc-config xmlns:con="http://www.terracotta.org/config">
  <system>
    <configuration-model>development</configuration-model>
  </system>
  <servers>
    <server name="localhost">
      <dso-port>9510</dso-port>
      <jmx-port>9520</jmx-port>
      <data>terracotta/server-data</data>
      <logs>terracotta/server-logs</logs>
    </server>
  </servers>
  <clients>
    <logs>terracotta/client-logs</logs>
  </clients>
  <application>
    <dso>
      <instrumented-classes>
        <include>
          <!--include all classes in the example package for bytecode instrumentation-->
          <class-expression>example..*</class-expression>
        </include>
      </instrumented-classes>
      <locks>
        <autolock>
          <method-expression>void *..*(..)</method-expression>
          <lock-level>write</lock-level>
        </autolock>
      </locks>
      <roots>
        <root>
          <field-name>example.Roots.barrier</field-name>
        </root>
        <root>
          <field-name>example.Roots.catalog</field-name>
        </root>
        <root>
          <field-name>example.Roots.activeShoppingCarts</field-name>
        </root>
      </roots>
    </dso>
  </application>
</con:tc-config>
2009-09-21 17:00:08,280 [main] INFO com.terracottatech.console - Configuration loaded from the file at '/Users/jesse/Development/Examples/Terracotta/terracotta-definitive-guide-1.2/chapter_04_catalog_example/tc-config.xml'.
2009-09-21 17:00:08,376 [main] INFO com.tc.properties.TCProperties - Loading default properties from tc.properties
2009-09-21 17:00:08,376 [main] INFO com.tc.properties.TCProperties - tc-config doesn't have any tc-property. No tc-property will be overridden
2009-09-21 17:00:08,382 [main] INFO com.tc.properties.TCProperties - Loaded TCProperties : TCProperties = { cvt.buffer.randomsuffix.enabled = false, cvt.client.fail.buffer.open = false, cvt.rest.interface.enabled = true, cvt.retriever.notification.interval = 60, cvt.statistics.logging.interval = 900, cvt.store.randomsuffix.enabled = false, ehcache.clusterAllCacheManagers = true, ehcache.concurrency = 128, ehcache.evictor.logging.enabled = false, ehcache.evictor.pool.size = 1, ehcache.global.eviction.enable = true, ehcache.global.eviction.frequency = 10, ehcache.global.eviction.rest.timeMillis = 10, ehcache.global.eviction.segments = 2, ehcache.lock.readLevel = READ, ehcache.lock.writeLevel = WRITE, ehcache.logging.enabled = false, http.defaultservlet.attribute.aliases = false;, http.defaultservlet.attribute.dirallowed = false;, http.defaultservlet.enabled = false;, l1.cachemanager.criticalObjectThreshold = -1, l1.cachemanager.criticalThreshold = 90, l1.cachemanager.enabled = true, l1.cachemanager.leastCount = 2, l1.cachemanager.logging.enabled = false, l1.cachemanager.monitorOldGenOnly = true, l1.cachemanager.percentageToEvict = 10, l1.cachemanager.sleepInterval = 3000, l1.cachemanager.threshold = 70, l1.connect.versionMatchCheck.enabled = true, l1.healthcheck.l2.bindAddress = 0.0.0.0, l1.healthcheck.l2.bindPort = 0, l1.healthcheck.l2.ping.enabled = true, l1.healthcheck.l2.ping.idletime = 5000, l1.healthcheck.l2.ping.interval = 1000, l1.healthcheck.l2.ping.probes = 3, l1.healthcheck.l2.socketConnect = true, l1.healthcheck.l2.socketConnectCount = 13, l1.healthcheck.l2.socketConnectTimeout = 5, l1.jvm.check.compatibility = true, l1.l2.config.validation.enabled = true, l1.lock.statistics.gatherInterval = 1, l1.lock.statistics.traceDepth = 0, l1.lockmanager.striped.count = 128, l1.lockmanager.timeout.interval = 60000, l1.max.connect.retries = -1, l1.modules.additional = , l1.modules.default = org.terracotta.modules.excludes-config;bundle-version:=3.1.0,org.terracotta.modules.guimodels-config;bundle-version:=3.1.0,org.terracotta.modules.jdk15-preinst-config;bundle-version:=3.1.0,org.terracotta.modules.standard-config;bundle-version:=3.1.0, l1.modules.repositories = , l1.modules.tc-version-check = , l1.objectmanager.fault.logging.enabled = false, l1.objectmanager.flush.logging.enabled = false, l1.objectmanager.objectid.request.size = 50000, l1.objectmanager.remote.logging.enabled = false, l1.objectmanager.remote.maxDNALRUSize = 60, l1.seda.stage.sink.capacity = -1, l1.serverarray.objectCreationStrategy = round-robin, l1.serverarray.objectCreationStrategy.groupAffinity.groupName = mirror-group1, l1.serverarray.objectCreationStrategy.roundRobin.startIndex = sequential, l1.socket.connect.timeout = 10000, l1.socket.reconnect.waitInterval = 1000, l1.transactionmanager.completedAckFlushTimeout = 5000, l1.transactionmanager.folding.debug = false, l1.transactionmanager.folding.enabled = true, l1.transactionmanager.folding.lock.limit = 0, l1.transactionmanager.folding.object.limit = 0, l1.transactionmanager.logging.enabled = false, l1.transactionmanager.maxBatchSizeInKiloBytes = 128, l1.transactionmanager.maxOutstandingBatchSize = 4, l1.transactionmanager.maxPendingBatches = 88, l1.transactionmanager.maxSleepTimeBeforeHalt = 1024, l1.transactionmanager.strings.compress.enabled = true, l1.transactionmanager.strings.compress.logging.enabled = false, l1.transactionmanager.strings.compress.minSize = 512, l1.transactionmanager.timeoutForAckOnExit = 300, l2.beanshell.enabled = false, l2.beanshell.port = 9929, l2.berkeleydb.je.checkpointer.bytesInterval = 100000000, l2.berkeleydb.je.cleaner.bytesInterval = 20000000, l2.berkeleydb.je.cleaner.detailMaxMemoryPercentage = 5, l2.berkeleydb.je.cleaner.lookAheadCacheSize = 32768, l2.berkeleydb.je.cleaner.minAge = 5, l2.berkeleydb.je.lock.nLockTables = 7, l2.berkeleydb.je.lock.timeout = 180000000, l2.berkeleydb.je.maxMemoryPercent = 25, l2.cachemanager.criticalObjectThreshold = -1, l2.cachemanager.criticalThreshold = 90, l2.cachemanager.enabled = true, l2.cachemanager.leastCount = 2, l2.cachemanager.logging.enabled = false, l2.cachemanager.monitorOldGenOnly = true, l2.cachemanager.percentageToEvict = 10, l2.cachemanager.sleepInterval = 3000, l2.cachemanager.threshold = 70, l2.data.backup.throttle.timeInMillis = 0, l2.healthcheck.l1.ping.enabled = true, l2.healthcheck.l1.ping.idletime = 5000, l2.healthcheck.l1.ping.interval = 1000, l2.healthcheck.l1.ping.probes = 3, l2.healthcheck.l1.socketConnect = true, l2.healthcheck.l1.socketConnectCount = 10, l2.healthcheck.l1.socketConnectTimeout = 5, l2.healthcheck.l2.ping.enabled = true, l2.healthcheck.l2.ping.idletime = 5000, l2.healthcheck.l2.ping.interval = 1000, l2.healthcheck.l2.ping.probes = 3, l2.healthcheck.l2.socketConnect = true, l2.healthcheck.l2.socketConnectCount = 10, l2.healthcheck.l2.socketConnectTimeout = 5, l2.l1reconnect.enabled = false, l2.l1reconnect.maxDelayedAcks = 16, l2.l1reconnect.sendWindow = 32, l2.l1reconnect.sendqueue.cap = 5000, l2.l1reconnect.timeout.millis = 5000, l2.lfu.agingFactor = 1, l2.lfu.debug.enabled = false, l2.lfu.recentlyAccessedIgnorePercentage = 20, l2.lockmanager.greedy.lease.enabled = true, l2.lockmanager.greedy.lease.leaseTimeInMillis = 50, l2.nha.autoRestart = true, l2.nha.dirtydb.autoDelete = true, l2.nha.dirtydb.rolling = 0, l2.nha.send.timeout.millis = 16000, l2.nha.tcgroupcomm.discovery.interval = 1000, l2.nha.tcgroupcomm.handshake.timeout = 5000, l2.nha.tcgroupcomm.reconnect.enabled = false, l2.nha.tcgroupcomm.reconnect.maxDelayedAcks = 16, l2.nha.tcgroupcomm.reconnect.sendWindow = 32, l2.nha.tcgroupcomm.reconnect.sendqueue.cap = 5000, l2.nha.tcgroupcomm.reconnect.timeout = 5000, l2.objectmanager.cachePolicy = lfu, l2.objectmanager.deleteBatchSize = 5000, l2.objectmanager.dgc.throttle.requestsPerThrottle = 1000, l2.objectmanager.dgc.throttle.timeInMillis = 0, l2.objectmanager.dgc.young.enabled = false, l2.objectmanager.dgc.young.frequencyInMillis = 180000, l2.objectmanager.fault.logging.enabled = false, l2.objectmanager.flush.logging.enabled = false, l2.objectmanager.loadObjectID.checkpoint.maxlimit = -1, l2.objectmanager.loadObjectID.checkpoint.maxsleep = 10000, l2.objectmanager.loadObjectID.fastLoad = true, l2.objectmanager.loadObjectID.longsPerDiskEntry = 8, l2.objectmanager.loadObjectID.mapsdatabase.longsPerDiskEntry = 1, l2.objectmanager.maxObjectsInTxnObjGrouping = 5000, l2.objectmanager.maxObjectsToCommit = 5000, l2.objectmanager.maxTxnsInTxnObjectGrouping = 500, l2.objectmanager.objectrequest.logging.enabled = false, l2.objectmanager.objectrequest.split.size = 5, l2.objectmanager.passive.sync.batch.size = 500, l2.objectmanager.passive.sync.throttle.timeInMillis = 0, l2.objectmanager.persistor.logging.enabled = false, l2.objectmanager.persistor.measure.performance = false, l2.objectmanager.request.logging.enabled = false, l2.remotejmx.idletime = 5, l2.remotejmx.maxthreads = 50, l2.seda.commitstage.threads = 4, l2.seda.faultstage.threads = 4, l2.seda.flushstage.threads = 4, l2.seda.gcdeletestage.threads = 1, l2.seda.managedobjectrequeststage.threads = 1, l2.seda.managedobjectresponsestage.threads = 4, l2.seda.stage.sink.capacity = -1, l2.serverarray.2pc.enabled = true, l2.startuplock.retries.enabled = false, l2.transactionmanager.logging.enabled = false, l2.transactionmanager.logging.printBroadcastStats = false, l2.transactionmanager.logging.printCommits = false, l2.transactionmanager.logging.printStats = true, l2.transactionmanager.logging.verbose = false, l2.transactionmanager.passive.throttle.enabled = true, l2.transactionmanager.passive.throttle.maxSleepSeconds = 5, l2.transactionmanager.passive.throttle.threshold = 20000, lock.statistics.enabled = false, logging.longgc.threshold = 8000, logging.maxBackups = 20, logging.maxLogFileSize = 512, memory.monitor.forcebasic = false, net.core.keepalive = false, net.core.tcpnodelay = true, session.debug.hops = false, session.debug.hops.interval = 100, session.debug.invalidate = false, session.debug.sessions = false, session.invalidator.bench.enabled = true, session.invalidator.sleep = 300, session.request.bench.enabled = false, session.request.tracking = false, session.request.tracking.dump = false, session.request.tracking.interval = 2500, session.request.tracking.threshold = 15000, session.vhosts.excluded = , stats.printer.intervalInMillis = 5000, tc.bytebuffer.common.pool.maxcount = 3000, tc.bytebuffer.pooling.enabled = true, tc.bytebuffer.threadlocal.pool.maxcount = 2000, tc.management.mbeans.enabled = true, tc.management.test.mbeans.enabled = false, tc.stage.monitor.delay = 5000, tc.stage.monitor.enabled = false, tcm.monitor.delay = 5, tcm.monitor.enabled = false }
2009-09-21 17:00:08,507 [main] INFO com.terracottatech.console - Log file: '/Users/jesse/Development/Examples/Terracotta/terracotta-definitive-guide-1.2/chapter_04_catalog_example/terracotta/client-logs/terracotta-client.log'.
2009-09-21 17:00:08,520 [main] INFO com.tc.logging.TCLogging - All Java System Properties for this Terracotta instance:
========================================================================
awt.nativeDoubleBuffering    : true
awt.toolkit                  : apple.awt.CToolkit
file.encoding                : MacRoman
file.encoding.pkg            : sun.io
file.separator               : /
gopherProxySet               : false
java.awt.graphicsenv         : apple.awt.CGraphicsEnvironment
java.awt.printerjob          : apple.awt.CPrinterJob
java.class.path              : classes/
java.class.version           : 50.0
java.endorsed.dirs           : /System/Library/Frameworks/JavaVM.framework/Versions/1.6.0/Home/lib/endorsed
java.ext.dirs                : /Library/Java/Extensions:/System/Library/Java/Extensions:/System/Library/Frameworks/JavaVM.framework/Versions/1.6.0/Home/lib/ext
java.home                    : /System/Library/Frameworks/JavaVM.framework/Versions/1.6.0/Home
java.io.tmpdir               : /var/folders/Kx/Kx-KV2XTGXa6ikXCPuIZbU+++TI/-Tmp-/
java.library.path            : .:/Library/Java/Extensions:/System/Library/Java/Extensions:/usr/lib/java
java.runtime.name            : Java(TM) SE Runtime Environment
java.runtime.version         : 1.6.0_15-b03-219
java.specification.name      : Java Platform API Specification
java.specification.vendor    : Sun Microsystems Inc.
java.specification.version   : 1.6
java.vendor                  : Apple Inc.
java.vendor.url              : http://www.apple.com/
java.vendor.url.bug          : http://bugreport.apple.com/
java.version                 : 1.6.0_15
java.vm.info                 : mixed mode
java.vm.name                 : Java HotSpot(TM) 64-Bit Server VM
java.vm.specification.name   : Java Virtual Machine Specification
java.vm.specification.vendor : Sun Microsystems Inc.
java.vm.specification.version: 1.0
java.vm.vendor               : Apple Inc.
java.vm.version              : 14.1-b02-90
line.separator               : 

mrj.version                  : 1060.1.6.0_15-219
os.arch                      : x86_64
os.name                      : Mac OS X
os.version                   : 10.6.1
path.separator               : :
sun.arch.data.model          : 64
sun.boot.class.path          : /usr/local/terracotta/bin/../lib/dso-boot/dso-boot-hotspot_osx_160_15.jar:/System/Library/Frameworks/JavaVM.framework/Versions/1.6.0/Classes/jsfd.jar:/System/Library/Frameworks/JavaVM.framework/Versions/1.6.0/Classes/classes.jar:/System/Library/Frameworks/JavaVM.framework/Frameworks/JavaRuntimeSupport.framework/Resources/Java/JavaRuntimeSupport.jar:/System/Library/Frameworks/JavaVM.framework/Versions/1.6.0/Classes/ui.jar:/System/Library/Frameworks/JavaVM.framework/Versions/1.6.0/Classes/laf.jar:/System/Library/Frameworks/JavaVM.framework/Versions/1.6.0/Classes/sunrsasign.jar:/System/Library/Frameworks/JavaVM.framework/Versions/1.6.0/Classes/jsse.jar:/System/Library/Frameworks/JavaVM.framework/Versions/1.6.0/Classes/jce.jar:/System/Library/Frameworks/JavaVM.framework/Versions/1.6.0/Classes/charsets.jar
sun.boot.library.path        : /System/Library/Frameworks/JavaVM.framework/Versions/1.6.0/Libraries
sun.cpu.endian               : little
sun.cpu.isalist              : 
sun.io.unicode.encoding      : UnicodeLittle
sun.java.launcher            : SUN_STANDARD
sun.jnu.encoding             : MacRoman
sun.management.compiler      : HotSpot 64-Bit Server Compiler
sun.os.patch.level           : unknown
tc.install-root              : /usr/local/terracotta/bin/..
user.country                 : US
user.dir                     : /Users/jesse/Development/Examples/Terracotta/terracotta-definitive-guide-1.2/chapter_04_catalog_example
user.home                    : /Users/jesse
user.language                : en
user.name                    : jesse
user.timezone                : America/Chicago
========================================================================
2009-09-21 17:00:09,699 [main] INFO com.terracottatech.dso - Trying to get Cluster topology from http://localhost:9510/groupinfo
2009-09-21 17:00:09,768 [main] INFO com.terracottatech.dso - Trying to get L1 Reconnect Properties from http://localhost:9510/l1reconnectproperties
2009-09-21 17:00:09,816 [main] INFO com.tc.net.core.TCComm - Comm Worker Threads NOT requested
2009-09-21 17:00:09,853 [main] INFO com.tc.net.protocol.transport.ConnectionHealthCheckerImpl: DSO Client - HealthChecker Started
2009-09-21 17:00:09,907 [main] INFO com.tc.net.protocol.tcm.CommunicationsManager - HealthCheck CallbackPort Listener started at /0.0.0.0:59329
2009-09-21 17:00:10,046 [main] INFO com.terracottatech.dso - Statistics buffer opened
2009-09-21 17:00:10,046 [Statistics Logger] INFO com.terracottatech.dso - memory free : 1353046448
2009-09-21 17:00:10,046 [Statistics Logger] INFO com.terracottatech.dso - memory used : 78653008
2009-09-21 17:00:10,046 [Statistics Logger] INFO com.terracottatech.dso - memory max : 1431699456
2009-09-21 17:00:10,078 [main] INFO com.tc.statistics.StatisticRetrievalAction - "message monitor" statistic is not enabled. Please enable the property "tcm.monitor.delay" to collect this statistics.
2009-09-21 17:00:10,107 [main] INFO com.tc.runtime.TCMemoryManagerImpl - GarbageCollector: PS Scavenge
2009-09-21 17:00:10,107 [main] INFO com.tc.runtime.TCMemoryManagerImpl - GarbageCollector: PS MarkSweep
2009-09-21 17:00:10,243 [L1Management JMX registration] INFO com.tc.management.L1Management - Terracotta JMX connector available at[service:jmx:terracotta://localhost]
2009-09-21 17:00:10,298 [main] INFO com.tc.net.protocol.transport.ClientMessageTransport - ConnectionID(-1.ffffffffffffffffffffffffffffffff): Attaching new connection: com.tc.net.core.TCConnectionJDK14@631937869: connected: true, closed: false local=127.0.0.1:59330 remote=127.0.0.1:9510 connect=[Mon Sep 21 17:00:10 CDT 2009] idle=10ms [0 read, 0 write]
2009-09-21 17:00:10,321 [main] INFO com.tc.net.protocol.transport.ConnectionHealthCheckerImpl. DSO Client - Health monitoring agent started for vodafone.localhost.com:9510
2009-09-21 17:00:10,331 [TCComm Main Selector Thread (listen 0.0.0.0:59329)] INFO com.tc.net.protocol.transport.ConnectionHealthCheckerImpl. DSO Client - HealthCheckCallbackPort verification PASSED for vodafone.localhost.com:9510(callbackport: 9510)
2009-09-21 17:00:10,332 [main] INFO com.tc.management.remote.protocol.terracotta.TunnelingEventHandler - Client JMX server ready; sending notification to L2 server
2009-09-21 17:00:10,337 [WorkerThread(client_coordination_stage,0)] INFO com.tc.object.handshakemanager.ClientHandshakeManagerImpl - ClientID[-1]: Connected: Unpausing from State[ PAUSED ] RemoteNode : GroupID[0]. Disconnect count : 1
2009-09-21 17:00:10,357 [WorkerThread(client_coordination_stage,0)] INFO com.tc.object.handshakemanager.ClientHandshakeManagerImpl - ClientID[2]: Received Handshake ack for this node :GroupID[0]
2009-09-21 17:00:10,358 [main] INFO com.terracottatech.console - Connection successfully established to server at 127.0.0.1:9510
2009-09-21 17:00:10,361 [main] INFO com.terracottatech.dso - Connection successfully established to server at 127.0.0.1:9510
2009-09-21 17:00:33,138 [CommonShutDownHook] INFO com.terracottatech.dso - L1 Exiting...
2009-09-21 17:00:34,104 [Thread-1] INFO com.tc.object.tx.RemoteTransactionManagerImpl - ClientID[2]: stop(): took 0 millis to complete
